{"name": "test_login_fail[--Epic sadface: Username is required]", "status": "broken", "statusDetails": {"message": "selenium.common.exceptions.WebDriverException: Message: chrome not reachable\nStacktrace:\n0   chromedriver                        0x0000000103e9e2c8 chromedriver + 4752072\n1   chromedriver                        0x0000000103e1e463 chromedriver + 4228195\n2   chromedriver                        0x0000000103a8198a chromedriver + 440714\n3   chromedriver                        0x0000000103a6f874 chromedriver + 366708\n4   chromedriver                        0x0000000103aad896 chromedriver + 620694\n5   chromedriver                        0x0000000103aa9046 chromedriver + 602182\n6   chromedriver                        0x0000000103aa4e3c chromedriver + 585276\n7   chromedriver                        0x0000000103ae7c43 chromedriver + 859203\n8   chromedriver                        0x0000000103ae774f chromedriver + 857935\n9   chromedriver                        0x0000000103adfb33 chromedriver + 826163\n10  chromedriver                        0x0000000103ab09fd chromedriver + 633341\n11  chromedriver                        0x0000000103ab2051 chromedriver + 639057\n12  chromedriver                        0x0000000103e6b30e chromedriver + 4543246\n13  chromedriver                        0x0000000103e6fa88 chromedriver + 4561544\n14  chromedriver                        0x0000000103e776df chromedriver + 4593375\n15  chromedriver                        0x0000000103e708fa chromedriver + 4565242\n16  chromedriver                        0x0000000103e462cf chromedriver + 4391631\n17  chromedriver                        0x0000000103e8f5b8 chromedriver + 4691384\n18  chromedriver                        0x0000000103e8f739 chromedriver + 4691769\n19  chromedriver                        0x0000000103ea581e chromedriver + 4782110\n20  libsystem_pthread.dylib             0x00007ff81ccb94e1 _pthread_start + 125\n21  libsystem_pthread.dylib             0x00007ff81ccb4f6b thread_start + 15", "trace": "@pytest.fixture(scope='session')\n    # @pytest.fixture()  # parallel testing\n    def driver():\n        global get_driver\n>       get_driver = ChromeBrowser().browser\n\ntestcase/conftest.py:22: \n_ _ _ _ _ _ _ _ _ _ _ _ _ _ _ _ _ _ _ _ _ _ _ _ _ _ _ _ _ _ _ _ _ _ _ _ _ _ _ _ \nutil/browser.py:97: in browser\n    chrome = self._browser(service=self.service, options=self.options)\n../../../hostedtoolcache/Python/3.8.14/x64/lib/python3.8/site-packages/selenium/webdriver/chrome/webdriver.py:81: in __init__\n    super().__init__(\n../../../hostedtoolcache/Python/3.8.14/x64/lib/python3.8/site-packages/selenium/webdriver/chromium/webdriver.py:106: in __init__\n    super().__init__(\n../../../hostedtoolcache/Python/3.8.14/x64/lib/python3.8/site-packages/selenium/webdriver/remote/webdriver.py:288: in __init__\n    self.start_session(capabilities, browser_profile)\n../../../hostedtoolcache/Python/3.8.14/x64/lib/python3.8/site-packages/selenium/webdriver/remote/webdriver.py:381: in start_session\n    response = self.execute(Command.NEW_SESSION, parameters)\n../../../hostedtoolcache/Python/3.8.14/x64/lib/python3.8/site-packages/selenium/webdriver/remote/webdriver.py:444: in execute\n    self.error_handler.check_response(response)\n_ _ _ _ _ _ _ _ _ _ _ _ _ _ _ _ _ _ _ _ _ _ _ _ _ _ _ _ _ _ _ _ _ _ _ _ _ _ _ _ \n\nself = <selenium.webdriver.remote.errorhandler.ErrorHandler object at 0x109fb53a0>\nresponse = {'status': 500, 'value': '{\"value\":{\"error\":\"chrome not reachable\",\"message\":\"chrome not reachable\",\"stacktrace\":\"0   ...ff81ccb94e1 _pthread_start + 125\\\\n21  libsystem_pthread.dylib             0x00007ff81ccb4f6b thread_start + 15\\\\n\"}}'}\n\n    def check_response(self, response: Dict[str, Any]) -> None:\n        \"\"\"\n        Checks that a JSON response from the WebDriver does not have an error.\n    \n        :Args:\n         - response - The JSON response from the WebDriver server as a dictionary\n           object.\n    \n        :Raises: If the response contains an error message.\n        \"\"\"\n        status = response.get(\"status\", None)\n        if not status or status == ErrorCode.SUCCESS:\n            return\n        value = None\n        message = response.get(\"message\", \"\")\n        screen: str = response.get(\"screen\", \"\")\n        stacktrace = None\n        if isinstance(status, int):\n            value_json = response.get(\"value\", None)\n            if value_json and isinstance(value_json, str):\n                import json\n    \n                try:\n                    value = json.loads(value_json)\n                    if len(value.keys()) == 1:\n                        value = value[\"value\"]\n                    status = value.get(\"error\", None)\n                    if not status:\n                        status = value.get(\"status\", ErrorCode.UNKNOWN_ERROR)\n                        message = value.get(\"value\") or value.get(\"message\")\n                        if not isinstance(message, str):\n                            value = message\n                            message = message.get(\"message\")\n                    else:\n                        message = value.get(\"message\", None)\n                except ValueError:\n                    pass\n    \n        exception_class: Type[WebDriverException]\n        if status in ErrorCode.NO_SUCH_ELEMENT:\n            exception_class = NoSuchElementException\n        elif status in ErrorCode.NO_SUCH_FRAME:\n            exception_class = NoSuchFrameException\n        elif status in ErrorCode.NO_SUCH_SHADOW_ROOT:\n            exception_class = NoSuchShadowRootException\n        elif status in ErrorCode.NO_SUCH_WINDOW:\n            exception_class = NoSuchWindowException\n        elif status in ErrorCode.STALE_ELEMENT_REFERENCE:\n            exception_class = StaleElementReferenceException\n        elif status in ErrorCode.ELEMENT_NOT_VISIBLE:\n            exception_class = ElementNotVisibleException\n        elif status in ErrorCode.INVALID_ELEMENT_STATE:\n            exception_class = InvalidElementStateException\n        elif (\n            status in ErrorCode.INVALID_SELECTOR\n            or status in ErrorCode.INVALID_XPATH_SELECTOR\n            or status in ErrorCode.INVALID_XPATH_SELECTOR_RETURN_TYPER\n        ):\n            exception_class = InvalidSelectorException\n        elif status in ErrorCode.ELEMENT_IS_NOT_SELECTABLE:\n            exception_class = ElementNotSelectableException\n        elif status in ErrorCode.ELEMENT_NOT_INTERACTABLE:\n            exception_class = ElementNotInteractableException\n        elif status in ErrorCode.INVALID_COOKIE_DOMAIN:\n            exception_class = InvalidCookieDomainException\n        elif status in ErrorCode.UNABLE_TO_SET_COOKIE:\n            exception_class = UnableToSetCookieException\n        elif status in ErrorCode.TIMEOUT:\n            exception_class = TimeoutException\n        elif status in ErrorCode.SCRIPT_TIMEOUT:\n            exception_class = TimeoutException\n        elif status in ErrorCode.UNKNOWN_ERROR:\n            exception_class = WebDriverException\n        elif status in ErrorCode.UNEXPECTED_ALERT_OPEN:\n            exception_class = UnexpectedAlertPresentException\n        elif status in ErrorCode.NO_ALERT_OPEN:\n            exception_class = NoAlertPresentException\n        elif status in ErrorCode.IME_NOT_AVAILABLE:\n            exception_class = ImeNotAvailableException\n        elif status in ErrorCode.IME_ENGINE_ACTIVATION_FAILED:\n            exception_class = ImeActivationFailedException\n        elif status in ErrorCode.MOVE_TARGET_OUT_OF_BOUNDS:\n            exception_class = MoveTargetOutOfBoundsException\n        elif status in ErrorCode.JAVASCRIPT_ERROR:\n            exception_class = JavascriptException\n        elif status in ErrorCode.SESSION_NOT_CREATED:\n            exception_class = SessionNotCreatedException\n        elif status in ErrorCode.INVALID_ARGUMENT:\n            exception_class = InvalidArgumentException\n        elif status in ErrorCode.NO_SUCH_COOKIE:\n            exception_class = NoSuchCookieException\n        elif status in ErrorCode.UNABLE_TO_CAPTURE_SCREEN:\n            exception_class = ScreenshotException\n        elif status in ErrorCode.ELEMENT_CLICK_INTERCEPTED:\n            exception_class = ElementClickInterceptedException\n        elif status in ErrorCode.INSECURE_CERTIFICATE:\n            exception_class = InsecureCertificateException\n        elif status in ErrorCode.INVALID_COORDINATES:\n            exception_class = InvalidCoordinatesException\n        elif status in ErrorCode.INVALID_SESSION_ID:\n            exception_class = InvalidSessionIdException\n        elif status in ErrorCode.UNKNOWN_METHOD:\n            exception_class = UnknownMethodException\n        else:\n            exception_class = WebDriverException\n        if not value:\n            value = response[\"value\"]\n        if isinstance(value, str):\n            raise exception_class(value)\n        if message == \"\" and \"message\" in value:\n            message = value[\"message\"]\n    \n        screen = None  # type: ignore[assignment]\n        if \"screen\" in value:\n            screen = value[\"screen\"]\n    \n        stacktrace = None\n        st_value = value.get(\"stackTrace\") or value.get(\"stacktrace\")\n        if st_value:\n            if isinstance(st_value, str):\n                stacktrace = st_value.split(\"\\n\")\n            else:\n                stacktrace = []\n                try:\n                    for frame in st_value:\n                        line = frame.get(\"lineNumber\", \"\")\n                        file = frame.get(\"fileName\", \"<anonymous>\")\n                        if line:\n                            file = f\"{file}:{line}\"\n                        meth = frame.get(\"methodName\", \"<anonymous>\")\n                        if \"className\" in frame:\n                            meth = \"{}.{}\".format(frame[\"className\"], meth)\n                        msg = \"    at %s (%s)\"\n                        msg = msg % (meth, file)\n                        stacktrace.append(msg)\n                except TypeError:\n                    pass\n        if exception_class == UnexpectedAlertPresentException:\n            alert_text = None\n            if \"data\" in value:\n                alert_text = value[\"data\"].get(\"text\")\n            elif \"alert\" in value:\n                alert_text = value[\"alert\"].get(\"text\")\n            raise exception_class(message, screen, stacktrace, alert_text)  # type: ignore[call-arg]  # mypy is not smart enough here\n>       raise exception_class(message, screen, stacktrace)\nE       selenium.common.exceptions.WebDriverException: Message: chrome not reachable\nE       Stacktrace:\nE       0   chromedriver                        0x0000000103e9e2c8 chromedriver + 4752072\nE       1   chromedriver                        0x0000000103e1e463 chromedriver + 4228195\nE       2   chromedriver                        0x0000000103a8198a chromedriver + 440714\nE       3   chromedriver                        0x0000000103a6f874 chromedriver + 366708\nE       4   chromedriver                        0x0000000103aad896 chromedriver + 620694\nE       5   chromedriver                        0x0000000103aa9046 chromedriver + 602182\nE       6   chromedriver                        0x0000000103aa4e3c chromedriver + 585276\nE       7   chromedriver                        0x0000000103ae7c43 chromedriver + 859203\nE       8   chromedriver                        0x0000000103ae774f chromedriver + 857935\nE       9   chromedriver                        0x0000000103adfb33 chromedriver + 826163\nE       10  chromedriver                        0x0000000103ab09fd chromedriver + 633341\nE       11  chromedriver                        0x0000000103ab2051 chromedriver + 639057\nE       12  chromedriver                        0x0000000103e6b30e chromedriver + 4543246\nE       13  chromedriver                        0x0000000103e6fa88 chromedriver + 4561544\nE       14  chromedriver                        0x0000000103e776df chromedriver + 4593375\nE       15  chromedriver                        0x0000000103e708fa chromedriver + 4565242\nE       16  chromedriver                        0x0000000103e462cf chromedriver + 4391631\nE       17  chromedriver                        0x0000000103e8f5b8 chromedriver + 4691384\nE       18  chromedriver                        0x0000000103e8f739 chromedriver + 4691769\nE       19  chromedriver                        0x0000000103ea581e chromedriver + 4782110\nE       20  libsystem_pthread.dylib             0x00007ff81ccb94e1 _pthread_start + 125\nE       21  libsystem_pthread.dylib             0x00007ff81ccb4f6b thread_start + 15\n\n../../../hostedtoolcache/Python/3.8.14/x64/lib/python3.8/site-packages/selenium/webdriver/remote/errorhandler.py:249: WebDriverException"}, "description": "Test failed logins", "parameters": [{"name": "username", "value": "''"}, {"name": "password", "value": "''"}, {"name": "expect", "value": "'Epic sadface: Username is required'"}], "start": 1668550261151, "stop": 1668550261151, "uuid": "c584fd95-32d9-4cc5-909f-ceae9d67348c", "historyId": "ace8827ccdf73ed19fedd41648a07093", "testCaseId": "a67639c7d108120b92ca3b258a406cc7", "fullName": "testcase.test_login.TestLogin#test_login_fail", "labels": [{"name": "feature", "value": "Failed Logins"}, {"name": "epic", "value": "Login Test"}, {"name": "story", "value": "Test failed logins"}, {"name": "tag", "value": "login_fail"}, {"name": "parentSuite", "value": "testcase"}, {"name": "suite", "value": "test_login"}, {"name": "subSuite", "value": "TestLogin"}, {"name": "host", "value": "Mac-1668549935470.local"}, {"name": "thread", "value": "3075-MainThread"}, {"name": "framework", "value": "pytest"}, {"name": "language", "value": "cpython3"}, {"name": "package", "value": "testcase.test_login"}]}